<?xml version="1.0" encoding="UTF-8"?>
<!-- Generated by org.testng.reporters.JUnitReportReporter -->
<testsuite hostname="NOT-TIS-CON62" failures="0" tests="6" name="APITests" time="5.818" errors="0" timestamp="2023-08-17T11:47:06 WAT" skipped="0">
  <testcase classname="APITests" name="Patch" time="0.618"/>
  <system-out/>
  <testcase classname="APITests" name="Get1" time="1.146"/>
  <system-out/>
  <testcase classname="APITests" name="Delete" time="2.865"/>
  <system-out/>
  <testcase classname="APITests" name="Put" time="0.574"/>
  <system-out/>
  <testcase classname="APITests" name="Post" time="0.521"/>
  <system-out/>
  <testcase classname="APITests" name="Get2" time="0.094"/>
  <system-out/>
</testsuite> <!-- APITests -->
